<?xml version="1.0" encoding="UTF-8"?>
<!-- Generated by org.testng.reporters.JUnitXMLReporter -->
<testsuite ignored="4" hostname="Priya" failures="0" tests="1" name="Default test" time="4.261" errors="0" timestamp="2022-12-19T01:18:58 IST">
  <testcase classname="com.facebook.qa.testcases.LoginPageTest" name="loginTest" time="0.313"/>
  <testcase classname="com.facebook.qa.testcases.LoginPageTest" name="forgetPasswordTest" time="0.0">
    <ignored/>
  </testcase> <!-- forgetPasswordTest -->
  <testcase classname="com.facebook.qa.testcases.LoginPageTest" name="verifyTitle" time="0.0">
    <ignored/>
  </testcase> <!-- verifyTitle -->
  <testcase classname="com.facebook.qa.testcases.LoginPageTest" name="multipleLoign" time="0.0">
    <ignored/>
  </testcase> <!-- multipleLoign -->
  <testcase classname="com.facebook.qa.testcases.LoginPageTest" name="SignUpTest" time="0.0">
    <ignored/>
  </testcase> <!-- SignUpTest -->
</testsuite> <!-- Default test -->
